TN:
SF:/Users/jonathanhalpern/Projects/fullstack-tutorial/final/client/apollo.config.js
FNF:0
FNH:0
DA:1,0
LF:1
LH:0
BRF:0
BRH:0
end_of_record
TN:
SF:/Users/jonathanhalpern/Projects/fullstack-tutorial/final/client/src/index.js
FN:59,(anonymous_0)
FNF:1
FNH:0
FNDA:0,(anonymous_0)
DA:17,0
DA:18,0
DA:32,0
DA:49,0
DA:55,0
DA:56,0
DA:59,0
LF:7
LH:0
BRDA:59,0,0,0
BRDA:59,0,1,0
BRF:2
BRH:0
end_of_record
TN:
SF:/Users/jonathanhalpern/Projects/fullstack-tutorial/final/client/src/resolvers.js
FN:21,(anonymous_0)
FN:27,(anonymous_1)
FN:31,(anonymous_2)
FNF:3
FNH:0
FNDA:0,(anonymous_0)
FNDA:0,(anonymous_1)
FNDA:0,(anonymous_2)
DA:4,0
DA:19,0
DA:22,0
DA:23,0
DA:28,0
DA:29,0
DA:31,0
DA:34,0
DA:35,0
LF:9
LH:0
BRDA:30,0,0,0
BRDA:30,0,1,0
BRF:2
BRH:0
end_of_record
TN:
SF:/Users/jonathanhalpern/Projects/fullstack-tutorial/final/client/src/styles.js
FN:14,(anonymous_0)
FNF:1
FNH:0
FNDA:0,(anonymous_0)
DA:3,0
DA:4,0
DA:14,0
LF:3
LH:0
BRF:0
BRH:0
end_of_record
TN:
SF:/Users/jonathanhalpern/Projects/fullstack-tutorial/final/client/src/test-utils.js
FN:7,(anonymous_0)
FNF:1
FNH:0
FNDA:0,(anonymous_0)
DA:7,0
DA:11,0
LF:2
LH:0
BRDA:9,0,0,0
BRF:1
BRH:0
end_of_record
TN:
SF:/Users/jonathanhalpern/Projects/fullstack-tutorial/final/client/src/components/button.js
FNF:0
FNH:0
DA:6,0
LF:1
LH:0
BRF:0
BRH:0
end_of_record
TN:
SF:/Users/jonathanhalpern/Projects/fullstack-tutorial/final/client/src/components/footer.js
FN:11,Footer
FNF:1
FNH:0
FNDA:0,Footer
DA:12,0
DA:37,0
DA:46,0
LF:3
LH:0
BRF:0
BRH:0
end_of_record
TN:
SF:/Users/jonathanhalpern/Projects/fullstack-tutorial/final/client/src/components/header.js
FN:14,pickAvatarByEmail
FN:20,Header
FN:44,(anonymous_2)
FNF:3
FNH:0
FNDA:0,pickAvatarByEmail
FNDA:0,Header
FNDA:0,(anonymous_2)
DA:10,0
DA:11,0
DA:12,0
DA:13,0
DA:15,0
DA:16,0
DA:17,0
DA:21,0
DA:22,0
DA:23,0
DA:38,0
DA:44,0
DA:49,0
LF:13
LH:0
BRDA:20,0,0,0
BRDA:22,1,0,0
BRDA:22,1,1,0
BRDA:46,2,0,0
BRDA:46,2,1,0
BRF:5
BRH:0
end_of_record
TN:
SF:/Users/jonathanhalpern/Projects/fullstack-tutorial/final/client/src/components/index.js
FNF:0
FNH:0
LF:0
LH:0
BRF:0
BRH:0
end_of_record
TN:
SF:/Users/jonathanhalpern/Projects/fullstack-tutorial/final/client/src/components/launch-detail.js
FN:7,(anonymous_0)
FNF:1
FNH:0
FNDA:0,(anonymous_0)
DA:7,0
DA:8,0
DA:24,0
LF:3
LH:0
BRF:0
BRH:0
end_of_record
TN:
SF:/Users/jonathanhalpern/Projects/fullstack-tutorial/final/client/src/components/launch-tile.js
FN:11,getBackgroundImage
FN:15,(anonymous_1)
FNF:2
FNH:0
FNDA:0,getBackgroundImage
FNDA:0,(anonymous_1)
DA:10,0
DA:12,0
DA:16,0
DA:17,0
DA:34,0
DA:42,0
DA:43,0
LF:7
LH:0
BRF:0
BRH:0
end_of_record
TN:
SF:/Users/jonathanhalpern/Projects/fullstack-tutorial/final/client/src/components/loading.js
FNF:0
FNH:0
DA:7,0
DA:13,0
LF:2
LH:0
BRF:0
BRH:0
end_of_record
TN:
SF:/Users/jonathanhalpern/Projects/fullstack-tutorial/final/client/src/components/menu-item.js
FNF:0
FNH:0
DA:5,0
DA:22,0
LF:2
LH:0
BRF:0
BRH:0
end_of_record
TN:
SF:/Users/jonathanhalpern/Projects/fullstack-tutorial/final/client/src/components/page-container.js
FN:6,PageContainer
FNF:1
FNH:0
FNDA:0,PageContainer
DA:7,0
DA:19,0
DA:25,0
LF:3
LH:0
BRF:0
BRH:0
end_of_record
TN:
SF:/Users/jonathanhalpern/Projects/fullstack-tutorial/final/client/src/containers/action-button.js
FN:30,ActionButton
FN:42,(anonymous_1)
FNF:2
FNH:0
FNDA:0,ActionButton
FNDA:0,(anonymous_1)
DA:11,0
DA:17,0
DA:31,0
DA:43,0
DA:44,0
DA:46,0
LF:6
LH:0
BRDA:33,0,0,0
BRDA:33,0,1,0
BRDA:43,1,0,0
BRDA:43,1,1,0
BRDA:44,2,0,0
BRDA:44,2,1,0
BRDA:53,3,0,0
BRDA:53,3,1,0
BRDA:55,4,0,0
BRDA:55,4,1,0
BRF:10
BRH:0
end_of_record
TN:
SF:/Users/jonathanhalpern/Projects/fullstack-tutorial/final/client/src/containers/book-trips.js
FN:22,BookTrips
FN:27,(anonymous_1)
FN:31,(anonymous_2)
FN:35,(anonymous_3)
FNF:4
FNH:0
FNDA:0,BookTrips
FNDA:0,(anonymous_1)
FNDA:0,(anonymous_2)
FNDA:0,(anonymous_3)
DA:9,0
DA:23,0
DA:27,0
DA:32,0
DA:36,0
LF:5
LH:0
BRDA:36,0,0,0
BRDA:36,0,1,0
BRDA:36,1,0,0
BRDA:36,1,1,0
BRDA:36,1,2,0
BRF:5
BRH:0
end_of_record
TN:
SF:/Users/jonathanhalpern/Projects/fullstack-tutorial/final/client/src/containers/cart-item.js
FN:17,CartItem
FN:20,(anonymous_1)
FNF:2
FNH:0
FNDA:0,CartItem
FNDA:0,(anonymous_1)
DA:8,0
DA:18,0
DA:21,0
DA:22,0
DA:23,0
LF:5
LH:0
BRDA:21,0,0,0
BRDA:21,0,1,0
BRDA:22,1,0,0
BRDA:22,1,1,0
BRDA:23,2,0,0
BRDA:23,2,1,0
BRF:6
BRH:0
end_of_record
TN:
SF:/Users/jonathanhalpern/Projects/fullstack-tutorial/final/client/src/containers/index.js
FNF:0
FNH:0
LF:0
LH:0
BRF:0
BRH:0
end_of_record
TN:
SF:/Users/jonathanhalpern/Projects/fullstack-tutorial/final/client/src/containers/logout-button.js
FN:8,LogoutButton
FN:11,(anonymous_1)
FN:13,(anonymous_2)
FNF:3
FNH:0
FNDA:0,LogoutButton
FNDA:0,(anonymous_1)
FNDA:0,(anonymous_2)
DA:9,0
DA:12,0
DA:14,0
DA:15,0
DA:30,0
LF:5
LH:0
BRF:0
BRH:0
end_of_record
TN:
SF:/Users/jonathanhalpern/Projects/fullstack-tutorial/final/client/src/pages/cart.js
FN:14,Cart
FN:17,(anonymous_1)
FN:27,(anonymous_2)
FNF:3
FNH:0
FNDA:0,Cart
FNDA:0,(anonymous_1)
FNDA:0,(anonymous_2)
DA:8,0
DA:15,0
DA:18,0
DA:19,0
DA:20,0
DA:28,0
LF:6
LH:0
BRDA:18,0,0,0
BRDA:18,0,1,0
BRDA:19,1,0,0
BRDA:19,1,1,0
BRDA:23,2,0,0
BRDA:23,2,1,0
BRDA:23,3,0,0
BRDA:23,3,1,0
BRF:8
BRH:0
end_of_record
TN:
SF:/Users/jonathanhalpern/Projects/fullstack-tutorial/final/client/src/pages/index.js
FN:10,Pages
FNF:1
FNH:0
FNDA:0,Pages
DA:11,0
LF:1
LH:0
BRF:0
BRH:0
end_of_record
TN:
SF:/Users/jonathanhalpern/Projects/fullstack-tutorial/final/client/src/pages/launch.js
FN:23,Launch
FN:26,(anonymous_1)
FNF:2
FNH:0
FNDA:0,Launch
FNDA:0,(anonymous_1)
DA:9,0
DA:24,0
DA:27,0
DA:28,0
DA:30,0
LF:5
LH:0
BRDA:27,0,0,0
BRDA:27,0,1,0
BRDA:28,1,0,0
BRDA:28,1,1,0
BRF:4
BRH:0
end_of_record
TN:
SF:/Users/jonathanhalpern/Projects/fullstack-tutorial/final/client/src/pages/launches.js
FN:36,Launches
FN:39,(anonymous_1)
FN:48,(anonymous_2)
FN:54,(anonymous_3)
FN:59,(anonymous_4)
FNF:5
FNH:0
FNDA:0,Launches
FNDA:0,(anonymous_1)
FNDA:0,(anonymous_2)
FNDA:0,(anonymous_3)
FNDA:0,(anonymous_4)
DA:7,0
DA:23,0
DA:37,0
DA:40,0
DA:41,0
DA:43,0
DA:49,0
DA:55,0
DA:60,0
DA:61,0
LF:10
LH:0
BRDA:40,0,0,0
BRDA:40,0,1,0
BRDA:41,1,0,0
BRDA:41,1,1,0
BRDA:46,2,0,0
BRDA:46,2,1,0
BRDA:46,2,2,0
BRDA:51,3,0,0
BRDA:51,3,1,0
BRDA:51,3,2,0
BRDA:60,4,0,0
BRDA:60,4,1,0
BRF:12
BRH:0
end_of_record
TN:
SF:/Users/jonathanhalpern/Projects/fullstack-tutorial/final/client/src/pages/login.js
FN:13,Login
FN:16,(anonymous_1)
FN:19,(anonymous_2)
FN:24,(anonymous_3)
FNF:4
FNH:0
FNDA:0,Login
FNDA:0,(anonymous_1)
FNDA:0,(anonymous_2)
FNDA:0,(anonymous_3)
DA:7,0
DA:14,0
DA:17,0
DA:20,0
DA:21,0
DA:27,0
DA:28,0
DA:30,0
LF:8
LH:0
BRDA:27,0,0,0
BRDA:27,0,1,0
BRDA:28,1,0,0
BRDA:28,1,1,0
BRF:4
BRH:0
end_of_record
TN:
SF:/Users/jonathanhalpern/Projects/fullstack-tutorial/final/client/src/pages/profile.js
FN:21,Profile
FN:24,(anonymous_1)
FN:32,(anonymous_2)
FNF:3
FNH:0
FNDA:0,Profile
FNDA:0,(anonymous_1)
FNDA:0,(anonymous_2)
DA:8,0
DA:22,0
DA:25,0
DA:26,0
DA:28,0
DA:33,0
LF:6
LH:0
BRDA:25,0,0,0
BRDA:25,0,1,0
BRDA:26,1,0,0
BRDA:26,1,1,0
BRDA:31,2,0,0
BRDA:31,2,1,0
BRDA:31,3,0,0
BRDA:31,3,1,0
BRF:8
BRH:0
end_of_record
TN:
SF:/Users/jonathanhalpern/Projects/fullstack-tutorial/final/server/apollo.config.js
FNF:0
FNH:0
DA:1,0
LF:1
LH:0
BRF:0
BRH:0
end_of_record
TN:
SF:/Users/jonathanhalpern/Projects/fullstack-tutorial/final/server/src/engine-demo.js
FN:3,(anonymous_0)
FNF:1
FNH:0
FNDA:0,(anonymous_0)
DA:1,0
DA:4,0
DA:5,0
DA:6,0
DA:7,0
LF:5
LH:0
BRDA:4,0,0,0
BRDA:4,0,1,0
BRDA:4,1,0,0
BRDA:4,1,1,0
BRF:4
BRH:0
end_of_record
TN:
SF:/Users/jonathanhalpern/Projects/fullstack-tutorial/final/server/src/index.js
FN:19,(anonymous_0)
FN:25,(anonymous_1)
FN:56,(anonymous_2)
FNF:3
FNH:0
FNDA:0,(anonymous_0)
FNDA:0,(anonymous_1)
FNDA:0,(anonymous_2)
DA:3,0
DA:4,0
DA:6,0
DA:7,0
DA:8,0
DA:10,0
DA:11,0
DA:13,0
DA:16,0
DA:19,0
DA:25,0
DA:27,0
DA:28,0
DA:31,0
DA:33,0
DA:34,0
DA:36,0
DA:40,0
DA:53,0
DA:54,0
DA:56,0
DA:59,0
LF:22
LH:0
BRDA:27,0,0,0
BRDA:27,0,1,0
BRDA:27,0,2,0
BRDA:31,1,0,0
BRDA:31,1,1,0
BRDA:34,2,0,0
BRDA:34,2,1,0
BRDA:34,3,0,0
BRDA:34,3,1,0
BRDA:53,4,0,0
BRDA:53,4,1,0
BRF:11
BRH:0
end_of_record
TN:
SF:/Users/jonathanhalpern/Projects/fullstack-tutorial/final/server/src/resolvers.js
FN:5,(anonymous_0)
FN:27,(anonymous_1)
FN:29,(anonymous_2)
FN:33,(anonymous_3)
FN:45,(anonymous_4)
FN:50,(anonymous_5)
FN:66,(anonymous_6)
FN:72,(anonymous_7)
FN:77,(anonymous_8)
FN:84,(anonymous_9)
FNF:10
FNH:0
FNDA:0,(anonymous_0)
FNDA:0,(anonymous_1)
FNDA:0,(anonymous_2)
FNDA:0,(anonymous_3)
FNDA:0,(anonymous_4)
FNDA:0,(anonymous_5)
FNDA:0,(anonymous_6)
FNDA:0,(anonymous_7)
FNDA:0,(anonymous_8)
FNDA:0,(anonymous_9)
DA:1,0
DA:3,0
DA:6,0
DA:8,0
DA:10,0
DA:16,0
DA:28,0
DA:30,0
DA:34,0
DA:35,0
DA:39,0
DA:45,0
DA:51,0
DA:53,0
DA:54,0
DA:59,0
DA:60,0
DA:67,0
DA:68,0
DA:73,0
DA:78,0
DA:86,0
DA:88,0
DA:91,0
LF:24
LH:0
BRDA:5,0,0,0
BRDA:18,1,0,0
BRDA:18,1,1,0
BRDA:21,2,0,0
BRDA:21,2,1,0
BRDA:40,3,0,0
BRDA:40,3,1,0
BRDA:42,4,0,0
BRDA:42,4,1,0
BRDA:53,5,0,0
BRDA:53,5,1,0
BRDA:68,6,0,0
BRDA:68,6,1,0
BRDA:77,7,0,0
BRDA:78,8,0,0
BRDA:78,8,1,0
BRDA:88,9,0,0
BRDA:88,9,1,0
BRDA:92,10,0,0
BRDA:92,10,1,0
BRF:20
BRH:0
end_of_record
TN:
SF:/Users/jonathanhalpern/Projects/fullstack-tutorial/final/server/src/schema.js
FNF:0
FNH:0
DA:1,0
DA:3,0
DA:77,0
LF:3
LH:0
BRF:0
BRH:0
end_of_record
TN:
SF:/Users/jonathanhalpern/Projects/fullstack-tutorial/final/server/src/utils.js
FN:3,(anonymous_0)
FN:8,(anonymous_1)
FN:13,(anonymous_2)
FN:33,(anonymous_3)
FNF:4
FNH:0
FNDA:0,(anonymous_0)
FNDA:0,(anonymous_1)
FNDA:0,(anonymous_2)
FNDA:0,(anonymous_3)
DA:1,0
DA:3,0
DA:8,0
DA:10,0
DA:12,0
DA:13,0
DA:15,0
DA:18,0
DA:21,0
DA:30,0
DA:33,0
DA:34,0
DA:35,0
DA:39,0
DA:46,0
DA:58,0
DA:70,0
LF:17
LH:0
BRDA:5,0,0,0
BRDA:8,1,0,0
BRDA:10,2,0,0
BRDA:10,2,1,0
BRDA:12,3,0,0
BRDA:12,3,1,0
BRDA:15,4,0,0
BRDA:15,4,1,0
BRDA:18,5,0,0
BRDA:18,5,1,0
BRDA:21,6,0,0
BRDA:21,6,1,0
BRDA:22,7,0,0
BRDA:22,7,1,0
BRDA:30,8,0,0
BRDA:30,8,1,0
BRF:16
BRH:0
end_of_record
TN:
SF:/Users/jonathanhalpern/Projects/fullstack-tutorial/final/server/src/datasources/launch.js
FN:4,(anonymous_0)
FN:10,(anonymous_1)
FN:28,(anonymous_2)
FN:33,(anonymous_3)
FN:36,(anonymous_4)
FN:41,(anonymous_5)
FN:43,(anonymous_6)
FNF:7
FNH:0
FNDA:0,(anonymous_0)
FNDA:0,(anonymous_1)
FNDA:0,(anonymous_2)
FNDA:0,(anonymous_3)
FNDA:0,(anonymous_4)
FNDA:0,(anonymous_5)
FNDA:0,(anonymous_6)
DA:1,0
DA:5,0
DA:6,0
DA:11,0
DA:29,0
DA:32,0
DA:33,0
DA:37,0
DA:38,0
DA:42,0
DA:43,0
DA:48,0
LF:12
LH:0
BRDA:12,0,0,0
BRDA:12,0,1,0
BRDA:14,1,0,0
BRDA:14,1,1,0
BRDA:32,2,0,0
BRDA:32,2,1,0
BRF:6
BRH:0
end_of_record
TN:
SF:/Users/jonathanhalpern/Projects/fullstack-tutorial/final/server/src/datasources/user.js
FN:5,(anonymous_0)
FN:16,(anonymous_1)
FN:25,(anonymous_2)
FN:34,(anonymous_3)
FN:50,(anonymous_4)
FN:58,(anonymous_5)
FN:63,(anonymous_6)
FN:69,(anonymous_7)
FN:69,(anonymous_8)
FN:73,(anonymous_9)
FNF:10
FNH:0
FNDA:0,(anonymous_0)
FNDA:0,(anonymous_1)
FNDA:0,(anonymous_2)
FNDA:0,(anonymous_3)
FNDA:0,(anonymous_4)
FNDA:0,(anonymous_5)
FNDA:0,(anonymous_6)
FNDA:0,(anonymous_7)
FNDA:0,(anonymous_8)
FNDA:0,(anonymous_9)
DA:1,0
DA:2,0
DA:6,0
DA:7,0
DA:17,0
DA:27,0
DA:28,0
DA:30,0
DA:31,0
DA:35,0
DA:36,0
DA:38,0
DA:42,0
DA:43,0
DA:44,0
DA:47,0
DA:51,0
DA:52,0
DA:55,0
DA:59,0
DA:60,0
DA:64,0
DA:65,0
DA:68,0
DA:69,0
DA:74,0
DA:75,0
DA:76,0
DA:79,0
DA:83,0
LF:30
LH:0
BRDA:25,0,0,0
BRDA:27,1,0,0
BRDA:27,1,1,0
BRDA:27,2,0,0
BRDA:27,2,1,0
BRDA:28,3,0,0
BRDA:28,3,1,0
BRDA:28,4,0,0
BRDA:28,4,1,0
BRDA:31,5,0,0
BRDA:31,5,1,0
BRDA:31,6,0,0
BRDA:31,6,1,0
BRDA:36,7,0,0
BRDA:36,7,1,0
BRDA:44,8,0,0
BRDA:44,8,1,0
BRDA:55,9,0,0
BRDA:55,9,1,0
BRDA:55,10,0,0
BRDA:55,10,1,0
BRDA:68,11,0,0
BRDA:68,11,1,0
BRDA:68,12,0,0
BRDA:68,12,1,0
BRDA:74,13,0,0
BRDA:74,13,1,0
BRDA:74,14,0,0
BRDA:74,14,1,0
BRDA:79,15,0,0
BRDA:79,15,1,0
BRF:31
BRH:0
end_of_record
TN:
SF:/Users/jonathanhalpern/Projects/fullstack-tutorial/start/client/apollo.config.js
FNF:0
FNH:0
LF:0
LH:0
BRF:0
BRH:0
end_of_record
TN:
SF:/Users/jonathanhalpern/Projects/fullstack-tutorial/start/client/src/index.js
FNF:0
FNH:0
LF:0
LH:0
BRF:0
BRH:0
end_of_record
TN:
SF:/Users/jonathanhalpern/Projects/fullstack-tutorial/start/client/src/resolvers.js
FNF:0
FNH:0
LF:0
LH:0
BRF:0
BRH:0
end_of_record
TN:
SF:/Users/jonathanhalpern/Projects/fullstack-tutorial/start/client/src/styles.js
FN:14,(anonymous_0)
FNF:1
FNH:0
FNDA:0,(anonymous_0)
DA:3,0
DA:4,0
DA:14,0
LF:3
LH:0
BRF:0
BRH:0
end_of_record
TN:
SF:/Users/jonathanhalpern/Projects/fullstack-tutorial/start/client/src/test-utils.js
FN:7,(anonymous_0)
FNF:1
FNH:0
FNDA:0,(anonymous_0)
DA:7,0
DA:11,0
LF:2
LH:0
BRDA:9,0,0,0
BRF:1
BRH:0
end_of_record
TN:
SF:/Users/jonathanhalpern/Projects/fullstack-tutorial/start/client/src/components/button.js
FNF:0
FNH:0
DA:6,0
LF:1
LH:0
BRF:0
BRH:0
end_of_record
TN:
SF:/Users/jonathanhalpern/Projects/fullstack-tutorial/start/client/src/components/footer.js
FN:11,Footer
FNF:1
FNH:0
FNDA:0,Footer
DA:12,0
DA:37,0
DA:46,0
LF:3
LH:0
BRF:0
BRH:0
end_of_record
TN:
SF:/Users/jonathanhalpern/Projects/fullstack-tutorial/start/client/src/components/header.js
FN:14,pickAvatarByEmail
FN:20,Header
FN:44,(anonymous_2)
FNF:3
FNH:0
FNDA:0,pickAvatarByEmail
FNDA:0,Header
FNDA:0,(anonymous_2)
DA:10,0
DA:11,0
DA:12,0
DA:13,0
DA:15,0
DA:16,0
DA:17,0
DA:21,0
DA:22,0
DA:23,0
DA:38,0
DA:44,0
DA:49,0
LF:13
LH:0
BRDA:20,0,0,0
BRDA:22,1,0,0
BRDA:22,1,1,0
BRDA:46,2,0,0
BRDA:46,2,1,0
BRF:5
BRH:0
end_of_record
TN:
SF:/Users/jonathanhalpern/Projects/fullstack-tutorial/start/client/src/components/index.js
FNF:0
FNH:0
LF:0
LH:0
BRF:0
BRH:0
end_of_record
TN:
SF:/Users/jonathanhalpern/Projects/fullstack-tutorial/start/client/src/components/launch-detail.js
FN:7,(anonymous_0)
FNF:1
FNH:0
FNDA:0,(anonymous_0)
DA:7,0
DA:8,0
DA:24,0
LF:3
LH:0
BRF:0
BRH:0
end_of_record
TN:
SF:/Users/jonathanhalpern/Projects/fullstack-tutorial/start/client/src/components/launch-tile.js
FN:11,getBackgroundImage
FN:15,(anonymous_1)
FNF:2
FNH:0
FNDA:0,getBackgroundImage
FNDA:0,(anonymous_1)
DA:10,0
DA:12,0
DA:16,0
DA:17,0
DA:34,0
DA:42,0
DA:43,0
LF:7
LH:0
BRF:0
BRH:0
end_of_record
TN:
SF:/Users/jonathanhalpern/Projects/fullstack-tutorial/start/client/src/components/loading.js
FNF:0
FNH:0
DA:7,0
DA:13,0
LF:2
LH:0
BRF:0
BRH:0
end_of_record
TN:
SF:/Users/jonathanhalpern/Projects/fullstack-tutorial/start/client/src/components/menu-item.js
FNF:0
FNH:0
DA:5,0
DA:22,0
LF:2
LH:0
BRF:0
BRH:0
end_of_record
TN:
SF:/Users/jonathanhalpern/Projects/fullstack-tutorial/start/client/src/components/page-container.js
FN:6,PageContainer
FNF:1
FNH:0
FNDA:0,PageContainer
DA:7,0
DA:19,0
DA:25,0
LF:3
LH:0
BRF:0
BRH:0
end_of_record
TN:
SF:/Users/jonathanhalpern/Projects/fullstack-tutorial/start/client/src/containers/action-button.js
FNF:0
FNH:0
LF:0
LH:0
BRF:0
BRH:0
end_of_record
TN:
SF:/Users/jonathanhalpern/Projects/fullstack-tutorial/start/client/src/containers/book-trips.js
FNF:0
FNH:0
LF:0
LH:0
BRF:0
BRH:0
end_of_record
TN:
SF:/Users/jonathanhalpern/Projects/fullstack-tutorial/start/client/src/containers/cart-item.js
FNF:0
FNH:0
LF:0
LH:0
BRF:0
BRH:0
end_of_record
TN:
SF:/Users/jonathanhalpern/Projects/fullstack-tutorial/start/client/src/containers/index.js
FNF:0
FNH:0
LF:0
LH:0
BRF:0
BRH:0
end_of_record
TN:
SF:/Users/jonathanhalpern/Projects/fullstack-tutorial/start/client/src/containers/logout-button.js
FNF:0
FNH:0
LF:0
LH:0
BRF:0
BRH:0
end_of_record
TN:
SF:/Users/jonathanhalpern/Projects/fullstack-tutorial/start/client/src/pages/cart.js
FNF:0
FNH:0
LF:0
LH:0
BRF:0
BRH:0
end_of_record
TN:
SF:/Users/jonathanhalpern/Projects/fullstack-tutorial/start/client/src/pages/index.js
FN:10,Pages
FNF:1
FNH:0
FNDA:0,Pages
DA:11,0
LF:1
LH:0
BRF:0
BRH:0
end_of_record
TN:
SF:/Users/jonathanhalpern/Projects/fullstack-tutorial/start/client/src/pages/launch.js
FNF:0
FNH:0
LF:0
LH:0
BRF:0
BRH:0
end_of_record
TN:
SF:/Users/jonathanhalpern/Projects/fullstack-tutorial/start/client/src/pages/launches.js
FNF:0
FNH:0
LF:0
LH:0
BRF:0
BRH:0
end_of_record
TN:
SF:/Users/jonathanhalpern/Projects/fullstack-tutorial/start/client/src/pages/login.js
FNF:0
FNH:0
LF:0
LH:0
BRF:0
BRH:0
end_of_record
TN:
SF:/Users/jonathanhalpern/Projects/fullstack-tutorial/start/client/src/pages/profile.js
FNF:0
FNH:0
LF:0
LH:0
BRF:0
BRH:0
end_of_record
TN:
SF:/Users/jonathanhalpern/Projects/fullstack-tutorial/start/server/src/index.js
FN:6,(anonymous_0)
FNF:1
FNH:0
FNDA:0,(anonymous_0)
DA:1,0
DA:2,0
DA:4,0
DA:6,0
DA:7,0
LF:5
LH:0
BRF:0
BRH:0
end_of_record
TN:
SF:/Users/jonathanhalpern/Projects/fullstack-tutorial/start/server/src/resolvers.js
FNF:0
FNH:0
LF:0
LH:0
BRF:0
BRH:0
end_of_record
TN:
SF:/Users/jonathanhalpern/Projects/fullstack-tutorial/start/server/src/schema.js
FNF:0
FNH:0
DA:1,0
DA:3,0
DA:58,0
LF:3
LH:0
BRF:0
BRH:0
end_of_record
TN:
SF:/Users/jonathanhalpern/Projects/fullstack-tutorial/start/server/src/utils.js
FN:3,(anonymous_0)
FN:8,(anonymous_1)
FN:13,(anonymous_2)
FN:33,(anonymous_3)
FNF:4
FNH:0
FNDA:0,(anonymous_0)
FNDA:0,(anonymous_1)
FNDA:0,(anonymous_2)
FNDA:0,(anonymous_3)
DA:1,0
DA:3,0
DA:8,0
DA:10,0
DA:12,0
DA:13,0
DA:15,0
DA:18,0
DA:21,0
DA:30,0
DA:33,0
DA:34,0
DA:35,0
DA:39,0
DA:46,0
DA:58,0
DA:70,0
LF:17
LH:0
BRDA:5,0,0,0
BRDA:8,1,0,0
BRDA:10,2,0,0
BRDA:10,2,1,0
BRDA:12,3,0,0
BRDA:12,3,1,0
BRDA:15,4,0,0
BRDA:15,4,1,0
BRDA:18,5,0,0
BRDA:18,5,1,0
BRDA:21,6,0,0
BRDA:21,6,1,0
BRDA:22,7,0,0
BRDA:22,7,1,0
BRDA:30,8,0,0
BRDA:30,8,1,0
BRF:16
BRH:0
end_of_record
TN:
SF:/Users/jonathanhalpern/Projects/fullstack-tutorial/start/server/src/datasources/launch.js
FNF:0
FNH:0
LF:0
LH:0
BRF:0
BRH:0
end_of_record
TN:
SF:/Users/jonathanhalpern/Projects/fullstack-tutorial/start/server/src/datasources/user.js
FN:5,(anonymous_0)
FN:16,(anonymous_1)
FN:25,(anonymous_2)
FN:34,(anonymous_3)
FN:50,(anonymous_4)
FN:58,(anonymous_5)
FN:63,(anonymous_6)
FN:69,(anonymous_7)
FN:69,(anonymous_8)
FN:73,(anonymous_9)
FNF:10
FNH:0
FNDA:0,(anonymous_0)
FNDA:0,(anonymous_1)
FNDA:0,(anonymous_2)
FNDA:0,(anonymous_3)
FNDA:0,(anonymous_4)
FNDA:0,(anonymous_5)
FNDA:0,(anonymous_6)
FNDA:0,(anonymous_7)
FNDA:0,(anonymous_8)
FNDA:0,(anonymous_9)
DA:1,0
DA:2,0
DA:6,0
DA:7,0
DA:17,0
DA:27,0
DA:28,0
DA:30,0
DA:31,0
DA:35,0
DA:36,0
DA:38,0
DA:42,0
DA:43,0
DA:44,0
DA:47,0
DA:51,0
DA:52,0
DA:55,0
DA:59,0
DA:60,0
DA:64,0
DA:65,0
DA:68,0
DA:69,0
DA:74,0
DA:75,0
DA:76,0
DA:79,0
DA:83,0
LF:30
LH:0
BRDA:25,0,0,0
BRDA:27,1,0,0
BRDA:27,1,1,0
BRDA:27,2,0,0
BRDA:27,2,1,0
BRDA:28,3,0,0
BRDA:28,3,1,0
BRDA:28,4,0,0
BRDA:28,4,1,0
BRDA:31,5,0,0
BRDA:31,5,1,0
BRDA:31,6,0,0
BRDA:31,6,1,0
BRDA:36,7,0,0
BRDA:36,7,1,0
BRDA:44,8,0,0
BRDA:44,8,1,0
BRDA:55,9,0,0
BRDA:55,9,1,0
BRDA:55,10,0,0
BRDA:55,10,1,0
BRDA:68,11,0,0
BRDA:68,11,1,0
BRDA:68,12,0,0
BRDA:68,12,1,0
BRDA:74,13,0,0
BRDA:74,13,1,0
BRDA:74,14,0,0
BRDA:74,14,1,0
BRDA:79,15,0,0
BRDA:79,15,1,0
BRF:31
BRH:0
end_of_record
